/home/admin/anaconda2/envs/mellotron/lib/python3.6/site-packages/tensorboard/compat/tensorflow_stub/dtypes.py:541: FutureWarning: Passing (type, 1) or '1type' as a synonym of type is deprecated; in a future version of numpy, it will be understood as (type, (1,)) / '(1,)type'.
  _np_qint8 = np.dtype([("qint8", np.int8, 1)])
/home/admin/anaconda2/envs/mellotron/lib/python3.6/site-packages/tensorboard/compat/tensorflow_stub/dtypes.py:542: FutureWarning: Passing (type, 1) or '1type' as a synonym of type is deprecated; in a future version of numpy, it will be understood as (type, (1,)) / '(1,)type'.
  _np_quint8 = np.dtype([("quint8", np.uint8, 1)])
/home/admin/anaconda2/envs/mellotron/lib/python3.6/site-packages/tensorboard/compat/tensorflow_stub/dtypes.py:543: FutureWarning: Passing (type, 1) or '1type' as a synonym of type is deprecated; in a future version of numpy, it will be understood as (type, (1,)) / '(1,)type'.
  _np_qint16 = np.dtype([("qint16", np.int16, 1)])
/home/admin/anaconda2/envs/mellotron/lib/python3.6/site-packages/tensorboard/compat/tensorflow_stub/dtypes.py:544: FutureWarning: Passing (type, 1) or '1type' as a synonym of type is deprecated; in a future version of numpy, it will be understood as (type, (1,)) / '(1,)type'.
  _np_quint16 = np.dtype([("quint16", np.uint16, 1)])
/home/admin/anaconda2/envs/mellotron/lib/python3.6/site-packages/tensorboard/compat/tensorflow_stub/dtypes.py:545: FutureWarning: Passing (type, 1) or '1type' as a synonym of type is deprecated; in a future version of numpy, it will be understood as (type, (1,)) / '(1,)type'.
  _np_qint32 = np.dtype([("qint32", np.int32, 1)])
/home/admin/anaconda2/envs/mellotron/lib/python3.6/site-packages/tensorboard/compat/tensorflow_stub/dtypes.py:550: FutureWarning: Passing (type, 1) or '1type' as a synonym of type is deprecated; in a future version of numpy, it will be understood as (type, (1,)) / '(1,)type'.
  np_resource = np.dtype([("resource", np.ubyte, 1)])
WARNING:tensorflow:
The TensorFlow contrib module will not be included in TensorFlow 2.0.
For more information, please see:
  * https://github.com/tensorflow/community/blob/master/rfcs/20180907-contrib-sunset.md
  * https://github.com/tensorflow/addons
  * https://github.com/tensorflow/io (for I/O related ops)
If you depend on functionality not listed there, please file an issue.

FP16 Run: False
Dynamic Loss Scaling: True
Distributed Run: False
cuDNN Enabled: True
cuDNN Benchmark: False
Traceback (most recent call last):
  File "train.py", line 380, in <module>
    args.warm_start, args.n_gpus, args.rank, args.group_name, hparams)
  File "train.py", line 192, in train
    model = load_model(hparams)
  File "train.py", line 98, in load_model
    model = Tacotron2(hparams).cuda()
  File "/home/admin/anaconda2/envs/mellotron/lib/python3.6/site-packages/torch/nn/modules/module.py", line 260, in cuda
    return self._apply(lambda t: t.cuda(device))
  File "/home/admin/anaconda2/envs/mellotron/lib/python3.6/site-packages/torch/nn/modules/module.py", line 187, in _apply
    module._apply(fn)
  File "/home/admin/anaconda2/envs/mellotron/lib/python3.6/site-packages/torch/nn/modules/module.py", line 193, in _apply
    param.data = fn(param.data)
  File "/home/admin/anaconda2/envs/mellotron/lib/python3.6/site-packages/torch/nn/modules/module.py", line 260, in <lambda>
    return self._apply(lambda t: t.cuda(device))
KeyboardInterrupt
/home/admin/anaconda2/envs/mellotron/lib/python3.6/site-packages/tensorboard/compat/tensorflow_stub/dtypes.py:541: FutureWarning: Passing (type, 1) or '1type' as a synonym of type is deprecated; in a future version of numpy, it will be understood as (type, (1,)) / '(1,)type'.
  _np_qint8 = np.dtype([("qint8", np.int8, 1)])
/home/admin/anaconda2/envs/mellotron/lib/python3.6/site-packages/tensorboard/compat/tensorflow_stub/dtypes.py:542: FutureWarning: Passing (type, 1) or '1type' as a synonym of type is deprecated; in a future version of numpy, it will be understood as (type, (1,)) / '(1,)type'.
  _np_quint8 = np.dtype([("quint8", np.uint8, 1)])
/home/admin/anaconda2/envs/mellotron/lib/python3.6/site-packages/tensorboard/compat/tensorflow_stub/dtypes.py:543: FutureWarning: Passing (type, 1) or '1type' as a synonym of type is deprecated; in a future version of numpy, it will be understood as (type, (1,)) / '(1,)type'.
  _np_qint16 = np.dtype([("qint16", np.int16, 1)])
/home/admin/anaconda2/envs/mellotron/lib/python3.6/site-packages/tensorboard/compat/tensorflow_stub/dtypes.py:544: FutureWarning: Passing (type, 1) or '1type' as a synonym of type is deprecated; in a future version of numpy, it will be understood as (type, (1,)) / '(1,)type'.
  _np_quint16 = np.dtype([("quint16", np.uint16, 1)])
/home/admin/anaconda2/envs/mellotron/lib/python3.6/site-packages/tensorboard/compat/tensorflow_stub/dtypes.py:545: FutureWarning: Passing (type, 1) or '1type' as a synonym of type is deprecated; in a future version of numpy, it will be understood as (type, (1,)) / '(1,)type'.
  _np_qint32 = np.dtype([("qint32", np.int32, 1)])
/home/admin/anaconda2/envs/mellotron/lib/python3.6/site-packages/tensorboard/compat/tensorflow_stub/dtypes.py:550: FutureWarning: Passing (type, 1) or '1type' as a synonym of type is deprecated; in a future version of numpy, it will be understood as (type, (1,)) / '(1,)type'.
  np_resource = np.dtype([("resource", np.ubyte, 1)])
WARNING:tensorflow:
The TensorFlow contrib module will not be included in TensorFlow 2.0.
For more information, please see:
  * https://github.com/tensorflow/community/blob/master/rfcs/20180907-contrib-sunset.md
  * https://github.com/tensorflow/addons
  * https://github.com/tensorflow/io (for I/O related ops)
If you depend on functionality not listed there, please file an issue.

FP16 Run: False
Dynamic Loss Scaling: True
Distributed Run: False
cuDNN Enabled: True
cuDNN Benchmark: False
Traceback (most recent call last):
  File "train.py", line 387, in <module>
    args.warm_start, args.n_gpus, args.rank, args.group_name, hparams)
  File "train.py", line 194, in train
    model = initiate_model(hparams)
  File "train.py", line 98, in initiate_model
    model = Tacotron2(hparams).cuda()
  File "/home/admin/anaconda2/envs/mellotron/lib/python3.6/site-packages/torch/nn/modules/module.py", line 260, in cuda
    return self._apply(lambda t: t.cuda(device))
  File "/home/admin/anaconda2/envs/mellotron/lib/python3.6/site-packages/torch/nn/modules/module.py", line 187, in _apply
    module._apply(fn)
  File "/home/admin/anaconda2/envs/mellotron/lib/python3.6/site-packages/torch/nn/modules/module.py", line 193, in _apply
    param.data = fn(param.data)
  File "/home/admin/anaconda2/envs/mellotron/lib/python3.6/site-packages/torch/nn/modules/module.py", line 260, in <lambda>
    return self._apply(lambda t: t.cuda(device))
  File "/home/admin/anaconda2/envs/mellotron/lib/python3.6/site-packages/torch/cuda/__init__.py", line 161, in _lazy_init
    _check_driver()
  File "/home/admin/anaconda2/envs/mellotron/lib/python3.6/site-packages/torch/cuda/__init__.py", line 76, in _check_driver
    if not torch._C._cuda_isDriverSufficient():
KeyboardInterrupt
